---- light / ericw-tools 2.0.0-alpha8-26-ged62ec10 ----
LoadBSPFile: '2faced_chruch.bsp'
BSP is version Quake BSP bsp29
INFO: using built-in palette.
img::ConvertTextures: WARNING: invalid size data for 
Loading extended texinfo flags from 2faced_chruch.texinfo.json...
2 entities read, 0 are lights.

--- Options Summary ---
    "nocolor" was set to "1" (from command line)

DecompressAllVis: invalid visofs for leaf 0
Embree_TraceInit: Embree version: 3.12.1
Embree_TraceInit: 
	0 sky faces
	2653 solid faces
	0 filtered faces
	0 shadow-casting skip faces
SetupLights: 0 initial lights
SetupLights: 0 after surface lights
SetupLights: 0 after jittering
Final count: 0 lights, 0 suns in use.
0 surface light points in use.
lightmap size (total): 0
Lighting Completed.

0 switchable light styles (32 max)
Writing 2faced_chruch.bsp as Quake BSP bsp29
0.067s seconds elapsed
0 empty lightmaps


